<?xml version="1.0" encoding="UTF-8"?>
<!-- Generated by org.testng.reporters.JUnitReportReporter -->
<testsuite hostname="Mypc" name="testNG.BasicAnnotationsEg" tests="3" failures="0" timestamp="19 May 2018 02:29:21 GMT" time="0.156" errors="0">
  <testcase name="a" time="0.054" classname="testNG.BasicAnnotationsEg"/>
  <testcase name="function1" time="0.046" classname="testNG.BasicAnnotationsEg"/>
  <testcase name="function2" time="0.056" classname="testNG.BasicAnnotationsEg"/>
</testsuite> <!-- testNG.BasicAnnotationsEg -->
