<?xml version="1.0" encoding="UTF-8"?>
<!-- Generated by org.testng.reporters.JUnitReportReporter -->
<testsuite hostname="Mypc" name="pom.LoginTC" tests="1" failures="0" timestamp="23 May 2018 02:18:59 GMT" time="39.644" errors="0">
  <testcase name="login" time="39.644" classname="pom.LoginTC"/>
</testsuite> <!-- pom.LoginTC -->
