<?xml version="1.0" encoding="UTF-8"?>
<!-- Generated by org.testng.reporters.JUnitReportReporter -->
<testsuite hostname="Mypc" name="testNG.PrimusbankLogin" tests="1" failures="0" timestamp="19 May 2018 02:52:22 GMT" time="7.336" errors="0">
  <testcase name="Login" time="7.336" classname="testNG.PrimusbankLogin"/>
</testsuite> <!-- testNG.PrimusbankLogin -->
