<?xml version="1.0" encoding="UTF-8"?>
<!-- Generated by org.testng.reporters.JUnitReportReporter -->
<testsuite hostname="Mypc" name="grid.GridEg" tests="2" failures="0" timestamp="25 May 2018 02:45:01 GMT" time="108.258" errors="0">
  <testcase name="g" time="52.958" classname="grid.GridEg"/>
  <testcase name="g" time="55.300" classname="grid.GridEg"/>
</testsuite> <!-- grid.GridEg -->
