<?xml version="1.0" encoding="UTF-8"?>
<!-- Generated by org.testng.reporters.JUnitReportReporter -->
<testsuite hostname="Mypc" name="testNG.EmpregTest" tests="3" failures="0" timestamp="20 May 2018 02:25:13 GMT" time="18.067" errors="0">
  <testcase name="empreg" time="6.162" classname="testNG.EmpregTest"/>
  <testcase name="empreg" time="5.675" classname="testNG.EmpregTest"/>
  <testcase name="empreg" time="6.230" classname="testNG.EmpregTest"/>
</testsuite> <!-- testNG.EmpregTest -->
