<?xml version="1.0" encoding="UTF-8"?>
<!-- Generated by org.testng.reporters.JUnitReportReporter -->
<testsuite hostname="Mypc" name="testNG.UserregTest" tests="1" failures="0" timestamp="20 May 2018 02:18:21 GMT" time="10.911" errors="0">
  <testcase name="orgUserreg" time="10.911" classname="testNG.UserregTest"/>
</testsuite> <!-- testNG.UserregTest -->
